# JRE version: OpenJDK Runtime Environment Temurin-21.0.10+7 (21.0.10+7) (build 21.0.10+7-LTS)
# Java VM: OpenJDK 64-Bit Server VM Temurin-21.0.10+7 (21.0.10+7-LTS, mixed mode, sharing, tiered, compressed oops, compressed class ptrs, parallel gc, windows-amd64)
GC Precious Log:
 CardTable entry size: 512
 CPUs: 12 total, 12 available
 Memory: 32547M
 Large Page Support: Disabled
 NUMA Support: Disabled
 Compressed Oops: Enabled (32-bit)
 Alignments: Space 512K, Generation 512K, Heap 2M
 Heap Min Capacity: 100M
 Heap Initial Capacity: 100M
 Heap Max Capacity: 2G
 Pre-touch: Disabled
 Parallel Workers: 10
Heap:
 PSYoungGen      total 5632K, used 1364K [0x00000000d5580000, 0x00000000d5d80000, 0x0000000100000000)
  eden space 5120K, 21% used [0x00000000d5580000,0x00000000d5690d30,0x00000000d5a80000)
  from space 512K, 53% used [0x00000000d5d00000,0x00000000d5d44540,0x00000000d5d80000)
  to   space 1024K, 0% used [0x00000000d5b80000,0x00000000d5b80000,0x00000000d5c80000)
 ParOldGen       total 1296896K, used 1296656K [0x0000000080000000, 0x00000000cf280000, 0x00000000d5580000)
  object space 1296896K, 99% used [0x0000000080000000,0x00000000cf244200,0x00000000cf280000)
 Metaspace       used 80548K, committed 82048K, reserved 1179648K
  class space    used 8156K, committed 8832K, reserved 1048576K
GC Heap History (20 events):
Event: 3828.093 GC heap before
{Heap before GC invocations=1250 (full 5):
 PSYoungGen      total 8704K, used 8256K [0x00000000d5580000, 0x00000000d6780000, 0x0000000100000000)
  eden space 4608K, 100% used [0x00000000d5580000,0x00000000d5a00000,0x00000000d5a00000)
  from space 4096K, 89% used [0x00000000d6380000,0x00000000d6710000,0x00000000d6780000)
  to   space 5632K, 0% used [0x00000000d5c80000,0x00000000d5c80000,0x00000000d6200000)
 ParOldGen       total 1272320K, used 1271965K [0x0000000080000000, 0x00000000cda80000, 0x00000000d5580000)
  object space 1272320K, 99% used [0x0000000080000000,0x00000000cda274f0,0x00000000cda80000)
 Metaspace       used 80475K, committed 81984K, reserved 1179648K
  class space    used 8156K, committed 8832K, reserved 1048576K
}
Event: 3828.098 GC heap after
{Heap after GC invocations=1250 (full 5):
 PSYoungGen      total 9728K, used 4759K [0x00000000d5580000, 0x00000000d6400000, 0x0000000100000000)
  eden space 4608K, 0% used [0x00000000d5580000,0x00000000d5580000,0x00000000d5a00000)
  from space 5120K, 92% used [0x00000000d5c80000,0x00000000d6125f50,0x00000000d6180000)
  to   space 2560K, 0% used [0x00000000d6180000,0x00000000d6180000,0x00000000d6400000)
 ParOldGen       total 1274368K, used 1274357K [0x0000000080000000, 0x00000000cdc80000, 0x00000000d5580000)
  object space 1274368K, 99% used [0x0000000080000000,0x00000000cdc7d4f0,0x00000000cdc80000)
 Metaspace       used 80475K, committed 81984K, reserved 1179648K
  class space    used 8156K, committed 8832K, reserved 1048576K
}
Event: 3828.104 GC heap before
{Heap before GC invocations=1251 (full 5):
 PSYoungGen      total 9728K, used 9367K [0x00000000d5580000, 0x00000000d6400000, 0x0000000100000000)
  eden space 4608K, 100% used [0x00000000d5580000,0x00000000d5a00000,0x00000000d5a00000)
  from space 5120K, 92% used [0x00000000d5c80000,0x00000000d6125f50,0x00000000d6180000)
  to   space 2560K, 0% used [0x00000000d6180000,0x00000000d6180000,0x00000000d6400000)
 ParOldGen       total 1274368K, used 1274357K [0x0000000080000000, 0x00000000cdc80000, 0x00000000d5580000)
  object space 1274368K, 99% used [0x0000000080000000,0x00000000cdc7d4f0,0x00000000cdc80000)
 Metaspace       used 80475K, committed 81984K, reserved 1179648K
  class space    used 8156K, committed 8832K, reserved 1048576K
}
Event: 3828.108 GC heap after
{Heap after GC invocations=1251 (full 5):
 PSYoungGen      total 4608K, used 2560K [0x00000000d5580000, 0x00000000d6f00000, 0x0000000100000000)
  eden space 2048K, 0% used [0x00000000d5580000,0x00000000d5580000,0x00000000d5780000)
  from space 2560K, 100% used [0x00000000d6180000,0x00000000d6400000,0x00000000d6400000)
  to   space 10240K, 0% used [0x00000000d5780000,0x00000000d5780000,0x00000000d6180000)
 ParOldGen       total 1281536K, used 1281053K [0x0000000080000000, 0x00000000ce380000, 0x00000000d5580000)
  object space 1281536K, 99% used [0x0000000080000000,0x00000000ce307440,0x00000000ce380000)
 Metaspace       used 80475K, committed 81984K, reserved 1179648K
  class space    used 8156K, committed 8832K, reserved 1048576K
}
Event: 3828.110 GC heap before
{Heap before GC invocations=1252 (full 5):
 PSYoungGen      total 4608K, used 4608K [0x00000000d5580000, 0x00000000d6f00000, 0x0000000100000000)
  eden space 2048K, 100% used [0x00000000d5580000,0x00000000d5780000,0x00000000d5780000)
  from space 2560K, 100% used [0x00000000d6180000,0x00000000d6400000,0x00000000d6400000)
  to   space 10240K, 0% used [0x00000000d5780000,0x00000000d5780000,0x00000000d6180000)
 ParOldGen       total 1281536K, used 1281053K [0x0000000080000000, 0x00000000ce380000, 0x00000000d5580000)
  object space 1281536K, 99% used [0x0000000080000000,0x00000000ce307440,0x00000000ce380000)
 Metaspace       used 80475K, committed 81984K, reserved 1179648K
  class space    used 8156K, committed 8832K, reserved 1048576K
}
Event: 3828.113 GC heap after
{Heap after GC invocations=1252 (full 5):
 PSYoungGen      total 4608K, used 2211K [0x00000000d5580000, 0x00000000d6200000, 0x0000000100000000)
  eden space 2048K, 0% used [0x00000000d5580000,0x00000000d5580000,0x00000000d5780000)
  from space 2560K, 86% used [0x00000000d5780000,0x00000000d59a8c00,0x00000000d5a00000)
  to   space 5120K, 0% used [0x00000000d5d00000,0x00000000d5d00000,0x00000000d6200000)
 ParOldGen       total 1284096K, used 1283669K [0x0000000080000000, 0x00000000ce600000, 0x00000000d5580000)
  object space 1284096K, 99% used [0x0000000080000000,0x00000000ce595440,0x00000000ce600000)
 Metaspace       used 80475K, committed 81984K, reserved 1179648K
  class space    used 8156K, committed 8832K, reserved 1048576K
}
Event: 3828.120 GC heap before
{Heap before GC invocations=1253 (full 5):
 PSYoungGen      total 4608K, used 4259K [0x00000000d5580000, 0x00000000d6200000, 0x0000000100000000)
  eden space 2048K, 100% used [0x00000000d5580000,0x00000000d5780000,0x00000000d5780000)
  from space 2560K, 86% used [0x00000000d5780000,0x00000000d59a8c00,0x00000000d5a00000)
  to   space 5120K, 0% used [0x00000000d5d00000,0x00000000d5d00000,0x00000000d6200000)
 ParOldGen       total 1284096K, used 1283669K [0x0000000080000000, 0x00000000ce600000, 0x00000000d5580000)
  object space 1284096K, 99% used [0x0000000080000000,0x00000000ce595440,0x00000000ce600000)
 Metaspace       used 80480K, committed 81984K, reserved 1179648K
  class space    used 8156K, committed 8832K, reserved 1048576K
}
Event: 3828.123 GC heap after
{Heap after GC invocations=1253 (full 5):
 PSYoungGen      total 4096K, used 1232K [0x00000000d5580000, 0x00000000d5e80000, 0x0000000100000000)
  eden space 2560K, 0% used [0x00000000d5580000,0x00000000d5580000,0x00000000d5800000)
  from space 1536K, 80% used [0x00000000d5d00000,0x00000000d5e34000,0x00000000d5e80000)
  to   space 2048K, 0% used [0x00000000d5a80000,0x00000000d5a80000,0x00000000d5c80000)
 ParOldGen       total 1286144K, used 1285677K [0x0000000080000000, 0x00000000ce800000, 0x00000000d5580000)
  object space 1286144K, 99% used [0x0000000080000000,0x00000000ce78b440,0x00000000ce800000)
 Metaspace       used 80480K, committed 81984K, reserved 1179648K
  class space    used 8156K, committed 8832K, reserved 1048576K
}
Event: 3828.133 GC heap before
{Heap before GC invocations=1254 (full 5):
 PSYoungGen      total 4096K, used 3792K [0x00000000d5580000, 0x00000000d5e80000, 0x0000000100000000)
  eden space 2560K, 100% used [0x00000000d5580000,0x00000000d5800000,0x00000000d5800000)
  from space 1536K, 80% used [0x00000000d5d00000,0x00000000d5e34000,0x00000000d5e80000)
  to   space 2048K, 0% used [0x00000000d5a80000,0x00000000d5a80000,0x00000000d5c80000)
 ParOldGen       total 1286144K, used 1285677K [0x0000000080000000, 0x00000000ce800000, 0x00000000d5580000)
  object space 1286144K, 99% used [0x0000000080000000,0x00000000ce78b440,0x00000000ce800000)
 Metaspace       used 80481K, committed 81984K, reserved 1179648K
  class space    used 8156K, committed 8832K, reserved 1048576K
}
Event: 3828.136 GC heap after
{Heap after GC invocations=1254 (full 5):
 PSYoungGen      total 5120K, used 2032K [0x00000000d5580000, 0x00000000d6080000, 0x0000000100000000)
  eden space 3072K, 0% used [0x00000000d5580000,0x00000000d5580000,0x00000000d5880000)
  from space 2048K, 99% used [0x00000000d5a80000,0x00000000d5c7c020,0x00000000d5c80000)
  to   space 4096K, 0% used [0x00000000d5c80000,0x00000000d5c80000,0x00000000d6080000)
 ParOldGen       total 1287168K, used 1287093K [0x0000000080000000, 0x00000000ce900000, 0x00000000d5580000)
  object space 1287168K, 99% used [0x0000000080000000,0x00000000ce8ed450,0x00000000ce900000)
 Metaspace       used 80481K, committed 81984K, reserved 1179648K
  class space    used 8156K, committed 8832K, reserved 1048576K
}
Event: 3828.144 GC heap before
{Heap before GC invocations=1255 (full 5):
 PSYoungGen      total 5120K, used 5086K [0x00000000d5580000, 0x00000000d6080000, 0x0000000100000000)
  eden space 3072K, 99% used [0x00000000d5580000,0x00000000d587ba40,0x00000000d5880000)
  from space 2048K, 99% used [0x00000000d5a80000,0x00000000d5c7c020,0x00000000d5c80000)
  to   space 4096K, 0% used [0x00000000d5c80000,0x00000000d5c80000,0x00000000d6080000)
 ParOldGen       total 1287168K, used 1287093K [0x0000000080000000, 0x00000000ce900000, 0x00000000d5580000)
  object space 1287168K, 99% used [0x0000000080000000,0x00000000ce8ed450,0x00000000ce900000)
 Metaspace       used 80484K, committed 81984K, reserved 1179648K
  class space    used 8156K, committed 8832K, reserved 1048576K
}
Event: 3828.146 GC heap after
{Heap after GC invocations=1255 (full 5):
 PSYoungGen      total 7168K, used 2555K [0x00000000d5580000, 0x00000000d5f80000, 0x0000000100000000)
  eden space 4096K, 0% used [0x00000000d5580000,0x00000000d5580000,0x00000000d5980000)
  from space 3072K, 83% used [0x00000000d5c80000,0x00000000d5efef48,0x00000000d5f80000)
  to   space 3072K, 0% used [0x00000000d5980000,0x00000000d5980000,0x00000000d5c80000)
 ParOldGen       total 1290240K, used 1289645K [0x0000000080000000, 0x00000000cec00000, 0x00000000d5580000)
  object space 1290240K, 99% used [0x0000000080000000,0x00000000ceb6b470,0x00000000cec00000)
 Metaspace       used 80484K, committed 81984K, reserved 1179648K
  class space    used 8156K, committed 8832K, reserved 1048576K
}
Event: 3828.159 GC heap before
{Heap before GC invocations=1256 (full 5):
 PSYoungGen      total 7168K, used 6651K [0x00000000d5580000, 0x00000000d5f80000, 0x0000000100000000)
  eden space 4096K, 100% used [0x00000000d5580000,0x00000000d5980000,0x00000000d5980000)
  from space 3072K, 83% used [0x00000000d5c80000,0x00000000d5efef48,0x00000000d5f80000)
  to   space 3072K, 0% used [0x00000000d5980000,0x00000000d5980000,0x00000000d5c80000)
 ParOldGen       total 1290240K, used 1289645K [0x0000000080000000, 0x00000000cec00000, 0x00000000d5580000)
  object space 1290240K, 99% used [0x0000000080000000,0x00000000ceb6b470,0x00000000cec00000)
 Metaspace       used 80484K, committed 81984K, reserved 1179648K
  class space    used 8156K, committed 8832K, reserved 1048576K
}
Event: 3828.163 GC heap after
{Heap after GC invocations=1256 (full 5):
 PSYoungGen      total 7168K, used 3048K [0x00000000d5580000, 0x00000000d6180000, 0x0000000100000000)
  eden space 4096K, 0% used [0x00000000d5580000,0x00000000d5580000,0x00000000d5980000)
  from space 3072K, 99% used [0x00000000d5980000,0x00000000d5c7a190,0x00000000d5c80000)
  to   space 3584K, 0% used [0x00000000d5e00000,0x00000000d5e00000,0x00000000d6180000)
 ParOldGen       total 1292288K, used 1292074K [0x0000000080000000, 0x00000000cee00000, 0x00000000d5580000)
  object space 1292288K, 99% used [0x0000000080000000,0x00000000cedcaa58,0x00000000cee00000)
 Metaspace       used 80484K, committed 81984K, reserved 1179648K
  class space    used 8156K, committed 8832K, reserved 1048576K
}
Event: 3828.179 GC heap before
{Heap before GC invocations=1257 (full 5):
 PSYoungGen      total 7168K, used 7144K [0x00000000d5580000, 0x00000000d6180000, 0x0000000100000000)
  eden space 4096K, 100% used [0x00000000d5580000,0x00000000d5980000,0x00000000d5980000)
  from space 3072K, 99% used [0x00000000d5980000,0x00000000d5c7a190,0x00000000d5c80000)
  to   space 3584K, 0% used [0x00000000d5e00000,0x00000000d5e00000,0x00000000d6180000)
 ParOldGen       total 1292288K, used 1292074K [0x0000000080000000, 0x00000000cee00000, 0x00000000d5580000)
  object space 1292288K, 99% used [0x0000000080000000,0x00000000cedcaa58,0x00000000cee00000)
 Metaspace       used 80514K, committed 82048K, reserved 1179648K
  class space    used 8156K, committed 8832K, reserved 1048576K
}
Event: 3828.181 GC heap after
{Heap after GC invocations=1257 (full 5):
 PSYoungGen      total 6144K, used 928K [0x00000000d5580000, 0x00000000d5f00000, 0x0000000100000000)
  eden space 5120K, 0% used [0x00000000d5580000,0x00000000d5580000,0x00000000d5a80000)
  from space 1024K, 90% used [0x00000000d5e00000,0x00000000d5ee8020,0x00000000d5f00000)
  to   space 2048K, 0% used [0x00000000d5b00000,0x00000000d5b00000,0x00000000d5d00000)
 ParOldGen       total 1295360K, used 1294965K [0x0000000080000000, 0x00000000cf100000, 0x00000000d5580000)
  object space 1295360K, 99% used [0x0000000080000000,0x00000000cf09d470,0x00000000cf100000)
 Metaspace       used 80514K, committed 82048K, reserved 1179648K
  class space    used 8156K, committed 8832K, reserved 1048576K
}
Event: 3828.213 GC heap before
{Heap before GC invocations=1258 (full 5):
 PSYoungGen      total 6144K, used 6048K [0x00000000d5580000, 0x00000000d5f00000, 0x0000000100000000)
  eden space 5120K, 99% used [0x00000000d5580000,0x00000000d5a7fff8,0x00000000d5a80000)
  from space 1024K, 90% used [0x00000000d5e00000,0x00000000d5ee8020,0x00000000d5f00000)
  to   space 2048K, 0% used [0x00000000d5b00000,0x00000000d5b00000,0x00000000d5d00000)
 ParOldGen       total 1295360K, used 1294965K [0x0000000080000000, 0x00000000cf100000, 0x00000000d5580000)
  object space 1295360K, 99% used [0x0000000080000000,0x00000000cf09d470,0x00000000cf100000)
 Metaspace       used 80534K, committed 82048K, reserved 1179648K
  class space    used 8156K, committed 8832K, reserved 1048576K
}
Event: 3828.215 GC heap after
{Heap after GC invocations=1258 (full 5):
 PSYoungGen      total 7168K, used 1088K [0x00000000d5580000, 0x00000000d5e80000, 0x0000000100000000)
  eden space 5120K, 0% used [0x00000000d5580000,0x00000000d5580000,0x00000000d5a80000)
  from space 2048K, 53% used [0x00000000d5b00000,0x00000000d5c10020,0x00000000d5d00000)
  to   space 1536K, 0% used [0x00000000d5d00000,0x00000000d5d00000,0x00000000d5e80000)
 ParOldGen       total 1295872K, used 1295708K [0x0000000080000000, 0x00000000cf180000, 0x00000000d5580000)
  object space 1295872K, 99% used [0x0000000080000000,0x00000000cf157390,0x00000000cf180000)
 Metaspace       used 80534K, committed 82048K, reserved 1179648K
  class space    used 8156K, committed 8832K, reserved 1048576K
}
Event: 3828.381 GC heap before
{Heap before GC invocations=1259 (full 5):
 PSYoungGen      total 7168K, used 6201K [0x00000000d5580000, 0x00000000d5e80000, 0x0000000100000000)
  eden space 5120K, 99% used [0x00000000d5580000,0x00000000d5a7e410,0x00000000d5a80000)
  from space 2048K, 53% used [0x00000000d5b00000,0x00000000d5c10020,0x00000000d5d00000)
  to   space 1536K, 0% used [0x00000000d5d00000,0x00000000d5d00000,0x00000000d5e80000)
 ParOldGen       total 1295872K, used 1295708K [0x0000000080000000, 0x00000000cf180000, 0x00000000d5580000)
  object space 1295872K, 99% used [0x0000000080000000,0x00000000cf157390,0x00000000cf180000)
 Metaspace       used 80539K, committed 82048K, reserved 1179648K
  class space    used 8156K, committed 8832K, reserved 1048576K
}
Event: 3828.383 GC heap after
{Heap after GC invocations=1259 (full 5):
 PSYoungGen      total 5632K, used 273K [0x00000000d5580000, 0x00000000d5d80000, 0x0000000100000000)
  eden space 5120K, 0% used [0x00000000d5580000,0x00000000d5580000,0x00000000d5a80000)
  from space 512K, 53% used [0x00000000d5d00000,0x00000000d5d44540,0x00000000d5d80000)
  to   space 1024K, 0% used [0x00000000d5b80000,0x00000000d5b80000,0x00000000d5c80000)
 ParOldGen       total 1296896K, used 1296656K [0x0000000080000000, 0x00000000cf280000, 0x00000000d5580000)
  object space 1296896K, 99% used [0x0000000080000000,0x00000000cf244200,0x00000000cf280000)
 Metaspace       used 80539K, committed 82048K, reserved 1179648K
  class space    used 8156K, committed 8832K, reserved 1048576K
}

